<?xml version="1.0" encoding="UTF-8"?>
<testng-results skipped="0" failed="0" ignored="0" total="1" passed="1">
  <reporter-output>
  </reporter-output>
  <suite name="Default suite" duration-ms="166" started-at="2018-03-25T12:29:18Z" finished-at="2018-03-25T12:29:18Z">
    <groups>
    </groups>
    <test name="Default test" duration-ms="166" started-at="2018-03-25T12:29:18Z" finished-at="2018-03-25T12:29:18Z">
      <class name="Tet.F">
        <test-method status="PASS" signature="mani()[pri:1, instance:Tet.F@f5e5e3]" name="mani" duration-ms="41" started-at="2018-03-25T17:59:18Z" finished-at="2018-03-25T17:59:18Z">
          <reporter-output>
          </reporter-output>
        </test-method> <!-- mani -->
      </class> <!-- Tet.F -->
    </test> <!-- Default test -->
  </suite> <!-- Default suite -->
</testng-results>
